<?xml version="1.0" encoding="UTF-8"?>
<!-- Generated by org.testng.reporters.JUnitReportReporter -->
<testsuite hostname="Subodh" failures="0" tests="1" name="Tests.verifyLoginFunctionality" time="1.378" errors="0" timestamp="28 Nov 2017 04:21:09 GMT" skipped="0">
  <testcase classname="Tests.verifyLoginFunctionality" name="verifyValidLogin" time="1.378"/>
</testsuite> <!-- Tests.verifyLoginFunctionality -->
